2025-02-19 15:43:35,563 - root - INFO - Se ingresó el usuario y contraseña correspondiente a la prueba para ingresar a la base
2025-02-19 15:43:52,090 - root - INFO - Se hace el ingreso correcto a la base y se visualiza la pantalla principal de PWST 2.0
2025-02-19 15:44:09,465 - root - INFO - Se ingresa al menú Tablas
2025-02-19 15:44:11,777 - root - INFO - Se ingresó al menú Articulos
2025-02-19 15:44:21,986 - root - INFO -  Ingresa el codigo del articulo 
2025-02-19 15:44:23,342 - root - INFO -  Se presiona el boton 'Refrescar', para mostrar la informacion filtrada.
2025-02-19 15:44:30,967 - root - INFO -  Ingresa el codigo del articulo 
2025-02-19 15:44:32,336 - root - INFO -  Se presiona el boton 'Refrescar', para mostrar la informacion filtrada.
2025-02-19 15:44:40,022 - root - INFO -  Ingresa el codigo del articulo 
2025-02-19 15:44:41,351 - root - INFO -  Se presiona el boton 'Refrescar', para mostrar la informacion filtrada.
2025-02-19 15:44:51,064 - root - INFO -  Se presiona el boton 'Cerrar', para cerrar la ventana
2025-02-19 15:44:52,006 - root - INFO - Ingresa a la pantalla de precios para realizar validación
2025-02-19 15:44:58,017 - root - INFO -  Ingresa el codigo del articulo 
2025-02-19 15:44:59,991 - root - INFO -  Se encontro y se dio clic en el filtro deseado
2025-02-19 15:45:01,360 - root - INFO -  Se encontro y se dio clic en el filtro deseado
2025-02-19 15:45:02,517 - root - INFO -  Ingresa el codigo de la lista de precios
2025-02-19 15:45:03,610 - root - INFO -  Se presiona el boton 'Refrescar', para mostrar la informacion filtrada.
2025-02-19 15:45:06,350 - root - INFO - Se realiza la validación del precio del artículo FA01001 en la pantalla precios
2025-02-19 15:45:09,055 - root - INFO -  Ingresa el codigo del articulo 
2025-02-19 15:45:11,386 - root - INFO -  Ingresa el codigo del articulo 
2025-02-19 15:45:16,403 - root - INFO -  Se presiona el boton 'Cerrar', para cerrar pantalla de documentos emitidos.
2025-02-19 15:45:18,405 - root - INFO -  Se presiona el boton 'Cerrar', para cerrar la ventana
2025-02-19 15:45:21,690 - root - INFO -  Abre la pantalla del reporte Stock Valorizado por Deposito 
2025-02-19 15:45:25,841 - root - INFO -  Ingresa el almacen 
2025-02-19 15:45:26,234 - root - INFO -  Se presiona el boton 'Ver', para mostrar la informacion del reporte.
2025-02-19 15:45:30,323 - root - ERROR - No se obtuvo datos, favor de validar el error: Missing optional dependency 'lxml'.  Use pip or conda to install lxml.
2025-02-19 15:46:32,556 - root - ERROR - Log_incorrect Message: 
Stacktrace:
	GetHandleVerifier [0x00007FF7F9FC6EE5+28773]
	(No symbol) [0x00007FF7F9F325D0]
	(No symbol) [0x00007FF7F9DC8FAA]
	(No symbol) [0x00007FF7F9E1F286]
	(No symbol) [0x00007FF7F9E1F4BC]
	(No symbol) [0x00007FF7F9E72A27]
	(No symbol) [0x00007FF7F9E4728F]
	(No symbol) [0x00007FF7F9E6F6F3]
	(No symbol) [0x00007FF7F9E47023]
	(No symbol) [0x00007FF7F9E0FF5E]
	(No symbol) [0x00007FF7F9E111E3]
	GetHandleVerifier [0x00007FF7FA31422D+3490733]
	GetHandleVerifier [0x00007FF7FA32BA13+3586963]
	GetHandleVerifier [0x00007FF7FA32144D+3544525]
	GetHandleVerifier [0x00007FF7FA08C9AA+838442]
	(No symbol) [0x00007FF7F9F3D01F]
	(No symbol) [0x00007FF7F9F395E4]
	(No symbol) [0x00007FF7F9F39786]
	(No symbol) [0x00007FF7F9F28CB9]
	BaseThreadInitThunk [0x00007FFE34C07374+20]
	RtlUserThreadStart [0x00007FFE3571CC91+33]

2025-02-19 15:47:34,582 - root - ERROR - No se pudo ingresar los datos al documento Venta de contado, validar el error: Message: 
Stacktrace:
	GetHandleVerifier [0x00007FF7F9FC6EE5+28773]
	(No symbol) [0x00007FF7F9F325D0]
	(No symbol) [0x00007FF7F9DC8FAA]
	(No symbol) [0x00007FF7F9E1F286]
	(No symbol) [0x00007FF7F9E1F4BC]
	(No symbol) [0x00007FF7F9E72A27]
	(No symbol) [0x00007FF7F9E4728F]
	(No symbol) [0x00007FF7F9E6F6F3]
	(No symbol) [0x00007FF7F9E47023]
	(No symbol) [0x00007FF7F9E0FF5E]
	(No symbol) [0x00007FF7F9E111E3]
	GetHandleVerifier [0x00007FF7FA31422D+3490733]
	GetHandleVerifier [0x00007FF7FA32BA13+3586963]
	GetHandleVerifier [0x00007FF7FA32144D+3544525]
	GetHandleVerifier [0x00007FF7FA08C9AA+838442]
	(No symbol) [0x00007FF7F9F3D01F]
	(No symbol) [0x00007FF7F9F395E4]
	(No symbol) [0x00007FF7F9F39786]
	(No symbol) [0x00007FF7F9F28CB9]
	BaseThreadInitThunk [0x00007FFE34C07374+20]
	RtlUserThreadStart [0x00007FFE3571CC91+33]

2025-02-19 15:48:33,794 - root - ERROR - No se pudo ingresar al impuesto de venta del documento, validar el error: Message: invalid session id: session deleted as the browser has closed the connection
from disconnected: not connected to DevTools
  (Session info: chrome=133.0.6943.99)
Stacktrace:
	GetHandleVerifier [0x00007FF7F9FC6EE5+28773]
	(No symbol) [0x00007FF7F9F325D0]
	(No symbol) [0x00007FF7F9DC8FAA]
	(No symbol) [0x00007FF7F9DB4DA5]
	(No symbol) [0x00007FF7F9DD973A]
	(No symbol) [0x00007FF7F9E4EFDF]
	(No symbol) [0x00007FF7F9E6EFE2]
	(No symbol) [0x00007FF7F9E47023]
	(No symbol) [0x00007FF7F9E0FF5E]
	(No symbol) [0x00007FF7F9E111E3]
	GetHandleVerifier [0x00007FF7FA31422D+3490733]
	GetHandleVerifier [0x00007FF7FA32BA13+3586963]
	GetHandleVerifier [0x00007FF7FA32144D+3544525]
	GetHandleVerifier [0x00007FF7FA08C9AA+838442]
	(No symbol) [0x00007FF7F9F3D01F]
	(No symbol) [0x00007FF7F9F395E4]
	(No symbol) [0x00007FF7F9F39786]
	(No symbol) [0x00007FF7F9F28CB9]
	BaseThreadInitThunk [0x00007FFE34C07374+20]
	RtlUserThreadStart [0x00007FFE3571CC91+33]

2025-02-19 15:48:34,339 - root - ERROR - No se pudo actualizar el reporte DZ, validar el error: Message: invalid session id
Stacktrace:
	GetHandleVerifier [0x00007FF7F9FC6EE5+28773]
	(No symbol) [0x00007FF7F9F325D0]
	(No symbol) [0x00007FF7F9DC8DDC]
	(No symbol) [0x00007FF7F9E0F17F]
	(No symbol) [0x00007FF7F9E47112]
	(No symbol) [0x00007FF7F9E41AA9]
	(No symbol) [0x00007FF7F9E40B59]
	(No symbol) [0x00007FF7F9D95595]
	GetHandleVerifier [0x00007FF7FA31422D+3490733]
	GetHandleVerifier [0x00007FF7FA32BA13+3586963]
	GetHandleVerifier [0x00007FF7FA32144D+3544525]
	GetHandleVerifier [0x00007FF7FA08C9AA+838442]
	(No symbol) [0x00007FF7F9F3D01F]
	(No symbol) [0x00007FF7F9D941AE]
	GetHandleVerifier [0x00007FF7FA39ED78+4058872]
	BaseThreadInitThunk [0x00007FFE34C07374+20]
	RtlUserThreadStart [0x00007FFE3571CC91+33]

2025-02-19 15:48:34,347 - root - ERROR - Log_incorrect Message: invalid session id
Stacktrace:
	GetHandleVerifier [0x00007FF7F9FC6EE5+28773]
	(No symbol) [0x00007FF7F9F325D0]
	(No symbol) [0x00007FF7F9DC8DDC]
	(No symbol) [0x00007FF7F9E0F17F]
	(No symbol) [0x00007FF7F9E47112]
	(No symbol) [0x00007FF7F9E41AA9]
	(No symbol) [0x00007FF7F9E40B59]
	(No symbol) [0x00007FF7F9D95595]
	GetHandleVerifier [0x00007FF7FA31422D+3490733]
	GetHandleVerifier [0x00007FF7FA32BA13+3586963]
	GetHandleVerifier [0x00007FF7FA32144D+3544525]
	GetHandleVerifier [0x00007FF7FA08C9AA+838442]
	(No symbol) [0x00007FF7F9F3D01F]
	(No symbol) [0x00007FF7F9D941AE]
	GetHandleVerifier [0x00007FF7FA39ED78+4058872]
	BaseThreadInitThunk [0x00007FFE34C07374+20]
	RtlUserThreadStart [0x00007FFE3571CC91+33]

2025-02-19 15:48:36,350 - root - INFO - No se encontro el documento emitido Message: invalid session id
Stacktrace:
	GetHandleVerifier [0x00007FF7F9FC6EE5+28773]
	(No symbol) [0x00007FF7F9F325D0]
	(No symbol) [0x00007FF7F9DC8DDC]
	(No symbol) [0x00007FF7F9E0F17F]
	(No symbol) [0x00007FF7F9E47112]
	(No symbol) [0x00007FF7F9E41AA9]
	(No symbol) [0x00007FF7F9E40B59]
	(No symbol) [0x00007FF7F9D95595]
	GetHandleVerifier [0x00007FF7FA31422D+3490733]
	GetHandleVerifier [0x00007FF7FA32BA13+3586963]
	GetHandleVerifier [0x00007FF7FA32144D+3544525]
	GetHandleVerifier [0x00007FF7FA08C9AA+838442]
	(No symbol) [0x00007FF7F9F3D01F]
	(No symbol) [0x00007FF7F9D941AE]
	GetHandleVerifier [0x00007FF7FA39ED78+4058872]
	BaseThreadInitThunk [0x00007FFE34C07374+20]
	RtlUserThreadStart [0x00007FFE3571CC91+33]

2025-02-19 15:49:10,999 - root - INFO - Se ingresó el usuario y contraseña correspondiente a la prueba para ingresar a la base
2025-02-19 15:49:27,938 - root - INFO - Se hace el ingreso correcto a la base y se visualiza la pantalla principal de PWST 2.0
2025-02-19 15:49:44,874 - root - INFO - Se ingresa al menú Tablas
2025-02-19 15:49:47,198 - root - INFO - Se ingresó al menú Articulos
2025-02-19 15:49:57,318 - root - INFO -  Ingresa el codigo del articulo 
2025-02-19 15:49:58,699 - root - INFO -  Se presiona el boton 'Refrescar', para mostrar la informacion filtrada.
2025-02-19 15:50:06,351 - root - INFO -  Ingresa el codigo del articulo 
2025-02-19 15:50:07,678 - root - INFO -  Se presiona el boton 'Refrescar', para mostrar la informacion filtrada.
2025-02-19 15:50:15,334 - root - INFO -  Ingresa el codigo del articulo 
2025-02-19 15:50:16,716 - root - INFO -  Se presiona el boton 'Refrescar', para mostrar la informacion filtrada.
2025-02-19 15:50:26,268 - root - INFO -  Se presiona el boton 'Cerrar', para cerrar la ventana
2025-02-19 15:50:27,310 - root - INFO - Ingresa a la pantalla de precios para realizar validación
2025-02-19 15:50:33,266 - root - INFO -  Ingresa el codigo del articulo 
2025-02-19 15:50:35,239 - root - INFO -  Se encontro y se dio clic en el filtro deseado
2025-02-19 15:50:36,604 - root - INFO -  Se encontro y se dio clic en el filtro deseado
2025-02-19 15:50:37,768 - root - INFO -  Ingresa el codigo de la lista de precios
2025-02-19 15:50:38,876 - root - INFO -  Se presiona el boton 'Refrescar', para mostrar la informacion filtrada.
2025-02-19 15:50:41,668 - root - INFO - Se realiza la validación del precio del artículo FA01001 en la pantalla precios
2025-02-19 15:50:44,358 - root - INFO -  Ingresa el codigo del articulo 
2025-02-19 15:50:46,737 - root - INFO -  Ingresa el codigo del articulo 
2025-02-19 15:50:51,824 - root - INFO -  Se presiona el boton 'Cerrar', para cerrar pantalla de documentos emitidos.
2025-02-19 15:50:53,827 - root - INFO -  Se presiona el boton 'Cerrar', para cerrar la ventana
2025-02-19 15:50:57,151 - root - INFO -  Abre la pantalla del reporte Stock Valorizado por Deposito 
2025-02-19 15:51:01,311 - root - INFO -  Ingresa el almacen 
2025-02-19 15:51:01,681 - root - INFO -  Se presiona el boton 'Ver', para mostrar la informacion del reporte.
2025-02-19 15:51:05,841 - root - INFO - El stock inicial de los articulos es:     Codigo     Saldo
0  FA01003  49899.00
1  FA03007   9825.00
2  FA03022   9833.00
2025-02-19 15:51:12,836 - root - INFO - Se agregar al cliente 0010051428 para realizar la venta de contado por packing
2025-02-19 15:51:14,050 - root - INFO - Se ingresa la observación al documento
2025-02-19 15:51:15,364 - root - INFO - Se ingresa la observación al documento
2025-02-19 15:51:17,007 - root - INFO -  Ingresa articulo 1
2025-02-19 15:51:18,071 - root - INFO - El precio unitario está en pantalla
2025-02-19 15:51:20,333 - root - INFO -  Ingresa la cantidad del articulo 
2025-02-19 15:51:21,472 - root - INFO -  Se presiona el boton 'Aceptar', para ingresar el articulo y la cantidad.
2025-02-19 15:51:24,631 - root - INFO -  Ingresa articulo 2
2025-02-19 15:51:27,919 - root - INFO -  Ingresa la cantidad del articulo 
2025-02-19 15:51:29,095 - root - INFO -  Se presiona el boton 'Aceptar', para ingresar el articulo y la cantidad.
2025-02-19 15:51:32,241 - root - INFO -  Ingresa articulo 3
2025-02-19 15:51:34,550 - root - INFO -  Ingresa la cantidad del articulo 
2025-02-19 15:51:35,695 - root - INFO -  Se presiona el boton 'Aceptar', para ingresar el articulo y la cantidad.
2025-02-19 15:51:38,947 - root - INFO -  Se presiona el boton 'Cancelar', para mostrar la informacion del reporte.
2025-02-19 15:51:41,134 - root - INFO - Se da click a la información a detalle de la venta de contado
2025-02-19 15:51:43,202 - root - INFO - El IVA de la venta es correcto: 252.14
2025-02-19 15:51:44,262 - root - INFO - El total de la venta es correcto: 1,828.04
2025-02-19 15:51:45,384 - root - INFO - Se cierra información a detalle de la venta de contado
2025-02-19 15:51:46,571 - root - INFO -  Se da clic en el boton Guardar; se emite el documento.
2025-02-19 15:51:52,789 - root - ERROR - No se obtuvo datos, validar el error: type object 'Configuracion' has no attribute 'frame_reporte2'
2025-02-19 15:51:55,082 - root - INFO - Despliega el menú Documentos
2025-02-19 15:51:55,683 - root - INFO - Ingresa a documentos emitidos
2025-02-19 15:51:57,090 - root - INFO - Se dio clic en el filtro documentos
2025-02-19 15:52:10,867 - root - INFO -  Se encontro y abrio el documento emitido 
2025-02-19 15:52:14,270 - root - INFO -  Se encontro y abrio el documento emitido 
2025-02-19 15:52:16,332 - root - ERROR - No se encontró el botón 'Cerrar', favor de validar el error: Message: element not interactable
  (Session info: chrome=133.0.6943.99)
Stacktrace:
	GetHandleVerifier [0x00007FF7F9FC6EE5+28773]
	(No symbol) [0x00007FF7F9F325D0]
	(No symbol) [0x00007FF7F9DC8DDC]
	(No symbol) [0x00007FF7F9E206B4]
	(No symbol) [0x00007FF7F9E12284]
	(No symbol) [0x00007FF7F9E4724A]
	(No symbol) [0x00007FF7F9E11B36]
	(No symbol) [0x00007FF7F9E47460]
	(No symbol) [0x00007FF7F9E6F6F3]
	(No symbol) [0x00007FF7F9E47023]
	(No symbol) [0x00007FF7F9E0FF5E]
	(No symbol) [0x00007FF7F9E111E3]
	GetHandleVerifier [0x00007FF7FA31422D+3490733]
	GetHandleVerifier [0x00007FF7FA32BA13+3586963]
	GetHandleVerifier [0x00007FF7FA32144D+3544525]
	GetHandleVerifier [0x00007FF7FA08C9AA+838442]
	(No symbol) [0x00007FF7F9F3D01F]
	(No symbol) [0x00007FF7F9F395E4]
	(No symbol) [0x00007FF7F9F39786]
	(No symbol) [0x00007FF7F9F28CB9]
	BaseThreadInitThunk [0x00007FFE34C07374+20]
	RtlUserThreadStart [0x00007FFE3571CC91+33]

2025-02-19 15:53:24,500 - root - INFO - Se ingresó el usuario y contraseña correspondiente a la prueba para ingresar a la base
2025-02-19 15:53:42,805 - root - INFO - Se hace el ingreso correcto a la base y se visualiza la pantalla principal de PWST 2.0
2025-02-19 15:53:59,832 - root - INFO - Se ingresa al menú Tablas
2025-02-19 15:54:02,149 - root - INFO - Se ingresó al menú Articulos
2025-02-19 15:54:12,354 - root - INFO -  Ingresa el codigo del articulo 
2025-02-19 15:54:13,737 - root - INFO -  Se presiona el boton 'Refrescar', para mostrar la informacion filtrada.
2025-02-19 15:54:21,425 - root - INFO -  Ingresa el codigo del articulo 
2025-02-19 15:54:22,754 - root - INFO -  Se presiona el boton 'Refrescar', para mostrar la informacion filtrada.
2025-02-19 15:54:30,478 - root - INFO -  Ingresa el codigo del articulo 
2025-02-19 15:54:31,819 - root - INFO -  Se presiona el boton 'Refrescar', para mostrar la informacion filtrada.
2025-02-19 15:54:41,436 - root - INFO -  Se presiona el boton 'Cerrar', para cerrar la ventana
2025-02-19 15:54:42,366 - root - INFO - Ingresa a la pantalla de precios para realizar validación
2025-02-19 15:54:48,354 - root - INFO -  Ingresa el codigo del articulo 
2025-02-19 15:54:50,351 - root - INFO -  Se encontro y se dio clic en el filtro deseado
2025-02-19 15:54:51,762 - root - INFO -  Se encontro y se dio clic en el filtro deseado
2025-02-19 15:54:52,921 - root - INFO -  Ingresa el codigo de la lista de precios
2025-02-19 15:54:54,030 - root - INFO -  Se presiona el boton 'Refrescar', para mostrar la informacion filtrada.
2025-02-19 15:54:56,810 - root - INFO - Se realiza la validación del precio del artículo FA01001 en la pantalla precios
2025-02-19 15:54:59,516 - root - INFO -  Ingresa el codigo del articulo 
2025-02-19 15:55:01,796 - root - INFO -  Ingresa el codigo del articulo 
2025-02-19 15:55:06,839 - root - INFO -  Se presiona el boton 'Cerrar', para cerrar pantalla de documentos emitidos.
2025-02-19 15:55:08,841 - root - INFO -  Se presiona el boton 'Cerrar', para cerrar la ventana
2025-02-19 15:55:12,124 - root - INFO -  Abre la pantalla del reporte Stock Valorizado por Deposito 
2025-02-19 15:55:16,317 - root - INFO -  Ingresa el almacen 
2025-02-19 15:55:16,676 - root - INFO -  Se presiona el boton 'Ver', para mostrar la informacion del reporte.
2025-02-19 15:55:20,806 - root - INFO - El stock inicial de los articulos es:     Codigo     Saldo
0  FA01003  49899.00
1  FA03007   9825.00
2  FA03022   9833.00
2025-02-19 15:55:27,299 - root - INFO - Se agregar al cliente 0010051428 para realizar la venta de contado por packing
2025-02-19 15:55:28,525 - root - INFO - Se ingresa la observación al documento
2025-02-19 15:55:29,776 - root - INFO - Se ingresa la observación al documento
2025-02-19 15:55:31,457 - root - INFO -  Ingresa articulo 1
2025-02-19 15:55:32,492 - root - INFO - El precio unitario está en pantalla
2025-02-19 15:55:34,737 - root - INFO -  Ingresa la cantidad del articulo 
2025-02-19 15:55:35,879 - root - INFO -  Se presiona el boton 'Aceptar', para ingresar el articulo y la cantidad.
2025-02-19 15:55:39,015 - root - INFO -  Ingresa articulo 2
2025-02-19 15:55:42,253 - root - INFO -  Ingresa la cantidad del articulo 
2025-02-19 15:55:43,372 - root - INFO -  Se presiona el boton 'Aceptar', para ingresar el articulo y la cantidad.
2025-02-19 15:55:46,525 - root - INFO -  Ingresa articulo 3
2025-02-19 15:55:48,766 - root - INFO -  Ingresa la cantidad del articulo 
2025-02-19 15:55:49,991 - root - INFO -  Se presiona el boton 'Aceptar', para ingresar el articulo y la cantidad.
2025-02-19 15:55:53,114 - root - INFO -  Se presiona el boton 'Cancelar', para mostrar la informacion del reporte.
2025-02-19 15:55:55,258 - root - INFO - Se da click a la información a detalle de la venta de contado
2025-02-19 15:55:57,329 - root - INFO - El IVA de la venta es correcto: 252.14
2025-02-19 15:55:58,379 - root - INFO - El total de la venta es correcto: 1,828.04
2025-02-19 15:55:59,527 - root - INFO - Se cierra información a detalle de la venta de contado
2025-02-19 15:56:00,667 - root - INFO -  Se da clic en el boton Guardar; se emite el documento.
2025-02-19 15:56:06,937 - root - INFO - El stock de los articulos despues de la venta de contado es:     Codigo   Saldo
0  FA01001  466.02
1  FA01005  580.04
2  FA01009  185.16
2025-02-19 15:56:08,077 - root - INFO -  Se presiona el boton 'Cerrar'
2025-02-19 15:56:10,376 - root - INFO - Despliega el menú Documentos
2025-02-19 15:56:11,020 - root - INFO - Ingresa a documentos emitidos
2025-02-19 15:56:12,429 - root - INFO - Se dio clic en el filtro documentos
2025-02-19 15:56:26,225 - root - INFO -  Se encontro y abrio el documento emitido 
2025-02-19 15:56:29,647 - root - INFO -  Se encontro y abrio el documento emitido 
2025-02-19 15:56:31,885 - root - INFO -  Se presiona el boton 'Cerrar', para cerrar el documento emitido
2025-02-19 15:56:34,041 - root - INFO -  Se presiona el boton 'Cerrar', para cerrar pantalla de documentos emitidos.
